# Patterns NOT auto-converted (need manual review)

1×  $P \\land \\lnot P$
    publications/books/book-i/part-11-tau/chapter-44-the-explosion-barrier/index.md

1×  $P \land \lnot P$
    publications/books/book-i/part-11-tau/chapter-44-the-explosion-barrier/index.md

1×  $\lnotB$
    publications/books/book-i/part-11-tau/chapter-44-the-explosion-barrier/index.md

1×  $(E_τ, ×, \mathbf1)$
    publications/books/book-i/part-14-the-earned-topos/chapter-62-cartesian-product-as-earned-bi-functor/index.md

1×  $Re(s) = \tfrac12$
    publications/books/book-iii/part-04-the-spectral-doors/chapter-22-the-functional-equation-in-h/index.md

1×  $Λ(s) = ι_τ^2(s(1-s) - \\tfrac14)$
    publications/books/book-iii/part-04-the-spectral-doors/chapter-24-the-spectral-correspondence/index.md

1×  $Λ(s) = ι_τ^2(s(1-s) - \tfrac14)$
    publications/books/book-iii/part-04-the-spectral-doors/chapter-24-the-spectral-correspondence/index.md

1×  $ρ(1-ρ) - \frac14$
    publications/books/book-iii/part-04-the-spectral-doors/chapter-25-spectral-purity-and-the-critical-line/index.md

1×  $σ = \frac12$
    publications/books/book-iii/part-04-the-spectral-doors/chapter-25-spectral-purity-and-the-critical-line/index.md

1×  $s_p = \\tfrac12$
    publications/books/book-iv/part-06-atoms-chemistry-and-molecular-structure/chapter-47-hyperfine-structure-and-the-role-of-iota-tau/index.md

1×  $s_p = \tfrac12$
    publications/books/book-iv/part-06-atoms-chemistry-and-molecular-structure/chapter-47-hyperfine-structure-and-the-role-of-iota-tau/index.md

1×  $\textH_2$
    publications/books/book-iv/part-06-atoms-chemistry-and-molecular-structure/chapter-49-the-chemical-bond-as-graph-transformation/index.md

1×  $\bard_4 \gg 0$
    publications/books/book-iv/part-07-condensed-matter-and-fluid-dynamics/chapter-62-crystals-glass-and-phase-transitions/index.md

1×  $M_{TOV} ≈ 2.0\text–2.3 M_\odot$
    publications/books/book-v/part-05-global-structure/chapter-35-the-compact-object-ladder/index.md

1×  $n → p + e^- + \barν_e$
    publications/books/book-v/part-06-eternal-dynamics/chapter-46-the-beta-decay-bookends/index.md

1×  $\dotρε\tildeι$
    publications/books/book-v/part-07-the-closure/chapter-58-the-hermetic-truth-and-panta-rhei/index.md

